

Started GET "/admin" for 127.0.0.1 at 2015-07-05 05:22:16 +0300
  [1m[36mActiveRecord::SchemaMigration Load (0.2ms)[0m  [1mSELECT "schema_migrations".* FROM "schema_migrations"[0m
Processing by RailsAdmin::MainController#dashboard as HTML
  [1m[35m (0.2ms)[0m  SELECT COUNT(*) FROM "games"
  [1m[36mGame Load (0.5ms)[0m  [1mSELECT  "games".* FROM "games"  ORDER BY games.updated_at desc LIMIT 1[0m
  [1m[35m (0.3ms)[0m  SELECT COUNT(*) FROM "movies"
  [1m[36mMovie Load (0.2ms)[0m  [1mSELECT  "movies".* FROM "movies"  ORDER BY movies.updated_at desc LIMIT 1[0m
  [1m[35m (0.3ms)[0m  SELECT COUNT(*) FROM "users"
  [1m[36mUser Load (0.2ms)[0m  [1mSELECT  "users".* FROM "users"  ORDER BY users.updated_at desc LIMIT 1[0m
  Rendered /home/vitaliy/.rvm/gems/ruby-2.2.2/gems/rails_admin-0.6.8/app/views/rails_admin/main/dashboard.html.haml within layouts/rails_admin/application (24.6ms)
  Rendered /home/vitaliy/.rvm/gems/ruby-2.2.2/gems/rails_admin-0.6.8/app/views/layouts/rails_admin/_secondary_navigation.html.haml (2.6ms)
  Rendered /home/vitaliy/.rvm/gems/ruby-2.2.2/gems/rails_admin-0.6.8/app/views/layouts/rails_admin/_navigation.html.haml (5.4ms)
  Rendered /home/vitaliy/.rvm/gems/ruby-2.2.2/gems/rails_admin-0.6.8/app/views/layouts/rails_admin/_sidebar_navigation.html.haml (2.4ms)
  Rendered /home/vitaliy/.rvm/gems/ruby-2.2.2/gems/rails_admin-0.6.8/app/views/layouts/rails_admin/pjax.html.haml (2.2ms)
Completed 200 OK in 772ms (Views: 634.4ms | ActiveRecord: 5.3ms)


Started GET "/assets/rails_admin/rails_admin.self-c98191ab49644b5df3217524ed33924ac1973abfef809904d554e2894dd231c5.css?body=1" for 127.0.0.1 at 2015-07-05 05:22:17 +0300


Started GET "/assets/jquery.self-d03a5518f45df77341bdbe6201ba3bfa547ebba8ed64f0ea56bfa5f96ea7c074.js?body=1" for 127.0.0.1 at 2015-07-05 05:22:17 +0300


Started GET "/assets/jquery.iframe-transport.self-9d6de1e3d97369f20a85456477db38a3d2b674761f4a252275201ec0272793a4.js?body=1" for 127.0.0.1 at 2015-07-05 05:22:17 +0300


Started GET "/assets/jquery_ujs.self-ca5248a2fad13d6bd58ea121318d642f195f0b2dd818b30615f785ff365e8d1f.js?body=1" for 127.0.0.1 at 2015-07-05 05:22:17 +0300


Started GET "/assets/rails_admin/jquery.remotipart.fixed.self-357a8f834a6b278f578acd51708542bff0852a75d8d583d0d761d3f387af5b4c.js?body=1" for 127.0.0.1 at 2015-07-05 05:22:17 +0300


Started GET "/assets/jquery-ui/effect.self-3acdb29e7da09c8f0195b994d2f04d73bfef50dc539c84fd2c835d964d33e5c1.js?body=1" for 127.0.0.1 at 2015-07-05 05:22:17 +0300


Started GET "/assets/jquery-ui/widget.self-c1602241ddc51216b58391768667068867b8e15b9efc722befcd25771eda6819.js?body=1" for 127.0.0.1 at 2015-07-05 05:22:17 +0300


Started GET "/assets/jquery-ui/mouse.self-c513294e8da73f31f84ba3ef11e2a1180a47faea0eb2fea4a53fc26153dd21fd.js?body=1" for 127.0.0.1 at 2015-07-05 05:22:17 +0300


Started GET "/assets/jquery-ui/core.self-93be4d22eda916787802a64d8f88b52db8a9027d4ccbbc0942625324a7d12d44.js?body=1" for 127.0.0.1 at 2015-07-05 05:22:17 +0300


Started GET "/assets/jquery-ui/sortable.self-df2d80a36f9dfbe0facc596ccd92af83ca50d38e4cd6a84810aaf5d40b8cd181.js?body=1" for 127.0.0.1 at 2015-07-05 05:22:17 +0300


Started GET "/assets/jquery-ui/position.self-e693ced4ecfa1a276f0b794f32c1d30d792764b08788bf68ecfa3b388c291333.js?body=1" for 127.0.0.1 at 2015-07-05 05:22:17 +0300


Started GET "/assets/jquery-ui/menu.self-7abc1c9401509a7e4fc609b1e461be6fd17e8116e8fda19cc59d05ba79aefb68.js?body=1" for 127.0.0.1 at 2015-07-05 05:22:17 +0300


Started GET "/assets/jquery-ui/autocomplete.self-3befc48aba87cead090cfd014562b2771a662ac6d2c8197b24c08b2d9f3d9f2d.js?body=1" for 127.0.0.1 at 2015-07-05 05:22:17 +0300


Started GET "/assets/rails_admin/jquery.ui.timepicker.self-aebfa594606a37fdeb4b8790e07e648cdc239e1b6e8883043154f5ff9803381b.js?body=1" for 127.0.0.1 at 2015-07-05 05:22:17 +0300


Started GET "/assets/rails_admin/ra.datetimepicker.self-1f0885ba9b32015a82d09f3894a7fd052adc2775442ef071bff20f2f8c839fdf.js?body=1" for 127.0.0.1 at 2015-07-05 05:22:17 +0300


Started GET "/assets/jquery-ui/datepicker.self-6267be6d4d0f0e8665be3b4d6ac07f40ba23a32aff8eaa5d1bfc00f76a9eeae7.js?body=1" for 127.0.0.1 at 2015-07-05 05:22:17 +0300


Started GET "/assets/rails_admin/jquery.colorpicker.self-65a540a6a8e61569a39a37bd1456543ae5e5bbe48868247372bed40a1dff2bcf.js?body=1" for 127.0.0.1 at 2015-07-05 05:22:17 +0300


Started GET "/assets/rails_admin/ra.filter-box.self-bb5179c1ffa04133d86f8982f03cdba69794bf7b1d5e7540637f0545f3f7c34a.js?body=1" for 127.0.0.1 at 2015-07-05 05:22:17 +0300


Started GET "/assets/rails_admin/ra.filtering-multiselect.self-3c2d93a245d26fe55b1ec9458902532822b4735ba62254b4f7f8a5048c57e11a.js?body=1" for 127.0.0.1 at 2015-07-05 05:22:17 +0300


Started GET "/assets/rails_admin/ra.filtering-select.self-0c939a7d737f61d783b040c21858b568052fcb0da9c233a8ac0baf7e512e47c9.js?body=1" for 127.0.0.1 at 2015-07-05 05:22:17 +0300


Started GET "/assets/rails_admin/ra.remote-form.self-371a44b60c5d6bef4e2f47fccdaa1a12463e38a78dee28b2f07ac4e09f7ee6f3.js?body=1" for 127.0.0.1 at 2015-07-05 05:22:17 +0300


Started GET "/assets/rails_admin/jquery.pjax.self-aa02343d5b755c77fd76db8b2d2864cf2aebdba056b56e74b3b91f2e65207444.js?body=1" for 127.0.0.1 at 2015-07-05 05:22:17 +0300


Started GET "/assets/jquery_nested_form.self-d38045d10ebdd28aac44152cb451796232091957b86b47bedad1ab171a3a12cd.js?body=1" for 127.0.0.1 at 2015-07-05 05:22:17 +0300


Started GET "/assets/rails_admin/ra.nested-form-hooks.self-abecd3cd4d55ce44cbf00b87d2f612d570af5e7fe5701d05135d60f8c07e7d37.js?body=1" for 127.0.0.1 at 2015-07-05 05:22:17 +0300


Started GET "/assets/rails_admin/ra.i18n.self-b6d6b5dd78f3feb40904ef7bff9c016b783ea6d96d0e33887d4028714c783eeb.js?body=1" for 127.0.0.1 at 2015-07-05 05:22:17 +0300


Started GET "/assets/rails_admin/bootstrap/bootstrap-transition.self-09ff30b1e8a93d1f7728b9855f55d9c9d8d5734c8861e0d8139994e50944572a.js?body=1" for 127.0.0.1 at 2015-07-05 05:22:17 +0300


Started GET "/assets/rails_admin/bootstrap/bootstrap-affix.self-d2b642d8fbfc1d7041e2edefd66683ada567a980789dcd6f94fddda0b33408b5.js?body=1" for 127.0.0.1 at 2015-07-05 05:22:17 +0300


Started GET "/assets/rails_admin/bootstrap/bootstrap-alert.self-a29e91e8cd3ddaba9bbc466901d53ec2127e9256b9b941905d525a3a716bd1a5.js?body=1" for 127.0.0.1 at 2015-07-05 05:22:17 +0300


Started GET "/assets/rails_admin/bootstrap/bootstrap-button.self-a6cb16785434acb365ae426aef9f1fce05ed553cae7a965e4471c3da71509175.js?body=1" for 127.0.0.1 at 2015-07-05 05:22:17 +0300


Started GET "/assets/rails_admin/bootstrap/bootstrap-carousel.self-57eb8422043cf0a85b7a9dc6843916eb0a3e35b419c7798a5eb254b918997631.js?body=1" for 127.0.0.1 at 2015-07-05 05:22:17 +0300


Started GET "/assets/rails_admin/bootstrap/bootstrap-collapse.self-7dc8bfbc2fbfabd2bad62c58ff8ffeaf8f20fb87c7ca6cd35f06d4dc19632587.js?body=1" for 127.0.0.1 at 2015-07-05 05:22:17 +0300


Started GET "/assets/rails_admin/bootstrap/bootstrap-dropdown.self-9314126777c6be5443e37ea7f7967d7914d72b3e60449ba50edc967446373059.js?body=1" for 127.0.0.1 at 2015-07-05 05:22:17 +0300


Started GET "/assets/rails_admin/bootstrap/bootstrap-modal.self-72f95ffa1071297725a9ac91989693d56d1abf23f441a47455073b0da2857a5b.js?body=1" for 127.0.0.1 at 2015-07-05 05:22:17 +0300


Started GET "/assets/rails_admin/bootstrap/bootstrap-scrollspy.self-a155b9d4b2f978905f0326c0f6635e1134fe91c6bfbfcbad079fa24a9fef2b0e.js?body=1" for 127.0.0.1 at 2015-07-05 05:22:17 +0300


Started GET "/assets/rails_admin/bootstrap/bootstrap-tab.self-122235057fbd4c6c7da377d59dc58f47b44cb1088a2e38e6ee6ce9d8ac29a26a.js?body=1" for 127.0.0.1 at 2015-07-05 05:22:17 +0300


Started GET "/assets/rails_admin/bootstrap/bootstrap-tooltip.self-11cf547be953f25f511cec668f6690473fd97b2f65502e4032f4030999a3f0c3.js?body=1" for 127.0.0.1 at 2015-07-05 05:22:17 +0300


Started GET "/assets/rails_admin/bootstrap/bootstrap-popover.self-77d8e3a2499c1104ef146396a68b82469ee2bdb365199b874694698d10405e9a.js?body=1" for 127.0.0.1 at 2015-07-05 05:22:17 +0300


Started GET "/assets/rails_admin/bootstrap/bootstrap-typeahead.self-2621ced336904d375bef144d46edd9d304889e09c6559d64df325bbd10f4ce8a.js?body=1" for 127.0.0.1 at 2015-07-05 05:22:17 +0300


Started GET "/assets/rails_admin/bootstrap/bootstrap.self-94f59a48294d99f8d9b7632cd5a1742670c7735fe37ec7c555aab939b635fdde.js?body=1" for 127.0.0.1 at 2015-07-05 05:22:17 +0300


Started GET "/assets/rails_admin/ra.widgets.self-11532027f58181f209a14c3ab1e6cf4e39f7f423cccf1e2017f4cc4e6e78fb2b.js?body=1" for 127.0.0.1 at 2015-07-05 05:22:17 +0300


Started GET "/assets/rails_admin/ui.self-4f87aa6c56195bbca00f04e2c31b22d07f1cccf2c2cbf2872bac503ff0ce9bdc.js?body=1" for 127.0.0.1 at 2015-07-05 05:22:17 +0300


Started GET "/assets/rails_admin/custom/ui.self-877aef30ae1b040ab8a3aba4e3e309a11d7f2612f44dde450b5c157aa5f95c05.js?body=1" for 127.0.0.1 at 2015-07-05 05:22:17 +0300


Started GET "/assets/rails_admin/rails_admin.self-76f0a23ad5f8028895d20de39faa555dd2d46a6f5d1d6b03b546f9d0156372c5.js?body=1" for 127.0.0.1 at 2015-07-05 05:22:17 +0300


Started GET "/assets/fontawesome-webfont-aadc3580d2b64ff5a7e6f1425587db4e8b033efcbf8f5c332ca52a5ed580c87c.woff2?v=4.3.0" for 127.0.0.1 at 2015-07-05 05:22:17 +0300


Started GET "/admin/user?_pjax=%5Bdata-pjax-container%5D" for 127.0.0.1 at 2015-07-05 05:22:23 +0300
Processing by RailsAdmin::MainController#index as HTML
  Parameters: {"_pjax"=>"[data-pjax-container]", "model_name"=>"user"}
  [1m[35mUser Load (0.4ms)[0m  SELECT  "users".* FROM "users"  ORDER BY users.id desc LIMIT 20 OFFSET 0
  [1m[36m (0.3ms)[0m  [1mSELECT COUNT(*) FROM "users"[0m
  Rendered /home/vitaliy/.rvm/gems/ruby-2.2.2/gems/rails_admin-0.6.8/app/views/rails_admin/main/index.html.haml within layouts/rails_admin/pjax (70.5ms)
Completed 200 OK in 82ms (Views: 75.1ms | ActiveRecord: 0.7ms)


Started GET "/admin/movie?_pjax=%5Bdata-pjax-container%5D" for 127.0.0.1 at 2015-07-05 05:22:25 +0300
Processing by RailsAdmin::MainController#index as HTML
  Parameters: {"_pjax"=>"[data-pjax-container]", "model_name"=>"movie"}
  [1m[35mMovie Load (0.4ms)[0m  SELECT  "movies".* FROM "movies"  ORDER BY movies.id desc LIMIT 20 OFFSET 0
  [1m[36m (0.3ms)[0m  [1mSELECT COUNT(*) FROM "movies"[0m
  Rendered /home/vitaliy/.rvm/gems/ruby-2.2.2/gems/rails_admin-0.6.8/app/views/rails_admin/main/index.html.haml within layouts/rails_admin/pjax (31.8ms)
Completed 200 OK in 47ms (Views: 38.4ms | ActiveRecord: 0.7ms)


Started GET "/admin/game?_pjax=%5Bdata-pjax-container%5D" for 127.0.0.1 at 2015-07-05 05:22:25 +0300
Processing by RailsAdmin::MainController#index as HTML
  Parameters: {"_pjax"=>"[data-pjax-container]", "model_name"=>"game"}
  [1m[35mGame Load (0.3ms)[0m  SELECT  "games".* FROM "games"  ORDER BY games.id desc LIMIT 20 OFFSET 0
  [1m[36mUser Load (0.3ms)[0m  [1mSELECT "users".* FROM "users" WHERE "users"."id" IN (1)[0m
  [1m[35m (0.3ms)[0m  SELECT COUNT(*) FROM "games"
  Rendered /home/vitaliy/.rvm/gems/ruby-2.2.2/gems/rails_admin-0.6.8/app/views/rails_admin/main/index.html.haml within layouts/rails_admin/pjax (26.1ms)
Completed 200 OK in 42ms (Views: 31.3ms | ActiveRecord: 0.9ms)


Started GET "/admin/?_pjax=%5Bdata-pjax-container%5D" for 127.0.0.1 at 2015-07-05 05:22:26 +0300
Processing by RailsAdmin::MainController#dashboard as HTML
  Parameters: {"_pjax"=>"[data-pjax-container]"}
  [1m[36m (0.5ms)[0m  [1mSELECT COUNT(*) FROM "games"[0m
  [1m[35mGame Load (0.4ms)[0m  SELECT  "games".* FROM "games"  ORDER BY games.updated_at desc LIMIT 1
  [1m[36m (0.4ms)[0m  [1mSELECT COUNT(*) FROM "movies"[0m
  [1m[35mMovie Load (0.3ms)[0m  SELECT  "movies".* FROM "movies"  ORDER BY movies.updated_at desc LIMIT 1
  [1m[36m (0.4ms)[0m  [1mSELECT COUNT(*) FROM "users"[0m
  [1m[35mUser Load (0.4ms)[0m  SELECT  "users".* FROM "users"  ORDER BY users.updated_at desc LIMIT 1
  Rendered /home/vitaliy/.rvm/gems/ruby-2.2.2/gems/rails_admin-0.6.8/app/views/rails_admin/main/dashboard.html.haml within layouts/rails_admin/pjax (16.0ms)
Completed 200 OK in 34ms (Views: 23.1ms | ActiveRecord: 2.4ms)


Started GET "/admin/?_pjax=%5Bdata-pjax-container%5D" for 127.0.0.1 at 2015-07-05 05:22:27 +0300
Processing by RailsAdmin::MainController#dashboard as HTML
  Parameters: {"_pjax"=>"[data-pjax-container]"}
  [1m[36m (0.4ms)[0m  [1mSELECT COUNT(*) FROM "games"[0m
  [1m[35mGame Load (0.4ms)[0m  SELECT  "games".* FROM "games"  ORDER BY games.updated_at desc LIMIT 1
  [1m[36m (0.5ms)[0m  [1mSELECT COUNT(*) FROM "movies"[0m
  [1m[35mMovie Load (0.4ms)[0m  SELECT  "movies".* FROM "movies"  ORDER BY movies.updated_at desc LIMIT 1
  [1m[36m (0.4ms)[0m  [1mSELECT COUNT(*) FROM "users"[0m
  [1m[35mUser Load (0.5ms)[0m  SELECT  "users".* FROM "users"  ORDER BY users.updated_at desc LIMIT 1
  Rendered /home/vitaliy/.rvm/gems/ruby-2.2.2/gems/rails_admin-0.6.8/app/views/rails_admin/main/dashboard.html.haml within layouts/rails_admin/pjax (9.4ms)
Completed 200 OK in 27ms (Views: 16.4ms | ActiveRecord: 2.7ms)


Started GET "/" for 127.0.0.1 at 2015-07-05 05:22:29 +0300
Processing by HomeController#index as HTML
Redirected to http://localhost:3000/select_game
Completed 302 Found in 1ms (ActiveRecord: 0.0ms)


Started GET "/select_game" for 127.0.0.1 at 2015-07-05 05:22:29 +0300
Processing by PagesController#select_game as HTML
  Rendered pages/select_game.html.haml within layouts/application (1.3ms)
Completed 200 OK in 56ms (Views: 55.5ms | ActiveRecord: 0.0ms)


Started GET "/select_game" for 127.0.0.1 at 2015-07-05 05:30:42 +0300
Processing by PagesController#select_game as HTML
  Rendered pages/select_game.html.haml within layouts/application (1.1ms)
Completed 500 Internal Server Error in 23ms (ActiveRecord: 0.0ms)

Sprockets::FileNotFound - couldn't find file 'angular' with type 'application/javascript':
  sprockets (3.2.0) lib/sprockets/directive_processor.rb:182:in `rescue in block in process_directives'
  sprockets (3.2.0) lib/sprockets/directive_processor.rb:179:in `block in process_directives'
  sprockets (3.2.0) lib/sprockets/directive_processor.rb:178:in `process_directives'
  sprockets (3.2.0) lib/sprockets/directive_processor.rb:83:in `_call'
  sprockets (3.2.0) lib/sprockets/directive_processor.rb:68:in `call'
  sprockets (3.2.0) lib/sprockets/processor_utils.rb:75:in `call_processor'
  sprockets (3.2.0) lib/sprockets/processor_utils.rb:57:in `block in call_processors'
  sprockets (3.2.0) lib/sprockets/processor_utils.rb:56:in `call_processors'
  sprockets (3.2.0) lib/sprockets/loader.rb:86:in `load_asset_by_uri'
  sprockets (3.2.0) lib/sprockets/loader.rb:45:in `block in load'
  sprockets (3.2.0) lib/sprockets/loader.rb:155:in `fetch_asset_from_dependency_cache'
  sprockets (3.2.0) lib/sprockets/loader.rb:38:in `load'
  sprockets (3.2.0) lib/sprockets/cached_environment.rb:20:in `block in initialize'
  sprockets (3.2.0) lib/sprockets/cached_environment.rb:47:in `load'
  sprockets (3.2.0) lib/sprockets/bundle.rb:23:in `block in call'
  sprockets (3.2.0) lib/sprockets/utils.rb:183:in `dfs'
  sprockets (3.2.0) lib/sprockets/bundle.rb:24:in `call'
  sprockets (3.2.0) lib/sprockets/processor_utils.rb:75:in `call_processor'
  sprockets (3.2.0) lib/sprockets/processor_utils.rb:57:in `block in call_processors'
  sprockets (3.2.0) lib/sprockets/processor_utils.rb:56:in `call_processors'
  sprockets (3.2.0) lib/sprockets/loader.rb:86:in `load_asset_by_uri'
  sprockets (3.2.0) lib/sprockets/loader.rb:45:in `block in load'
  sprockets (3.2.0) lib/sprockets/loader.rb:155:in `fetch_asset_from_dependency_cache'
  sprockets (3.2.0) lib/sprockets/loader.rb:38:in `load'
  sprockets (3.2.0) lib/sprockets/cached_environment.rb:20:in `block in initialize'
  sprockets (3.2.0) lib/sprockets/cached_environment.rb:47:in `load'
  sprockets (3.2.0) lib/sprockets/base.rb:63:in `find_asset'
  sprockets (3.2.0) lib/sprockets/environment.rb:30:in `find_asset'
  sprockets (3.2.0) lib/sprockets/base.rb:89:in `[]'
  sprockets-rails (2.3.2) lib/sprockets/rails/helper.rb:230:in `lookup_asset_for_path'
  sprockets-rails (2.3.2) lib/sprockets/rails/helper.rb:190:in `check_errors_for'
  sprockets-rails (2.3.2) lib/sprockets/rails/helper.rb:137:in `block in javascript_include_tag'
  sprockets-rails (2.3.2) lib/sprockets/rails/helper.rb:136:in `javascript_include_tag'
  app/views/layouts/application.html.haml:7:in `_app_views_layouts_application_html_haml__1075912624708591491_69997758436640'
  actionview (4.2.3) lib/action_view/template.rb:145:in `block in render'
  activesupport (4.2.3) lib/active_support/notifications.rb:166:in `instrument'
  actionview (4.2.3) lib/action_view/template.rb:333:in `instrument'
  actionview (4.2.3) lib/action_view/template.rb:143:in `render'
  actionview (4.2.3) lib/action_view/renderer/template_renderer.rb:66:in `render_with_layout'
  actionview (4.2.3) lib/action_view/renderer/template_renderer.rb:52:in `render_template'
  actionview (4.2.3) lib/action_view/renderer/template_renderer.rb:14:in `render'
  actionview (4.2.3) lib/action_view/renderer/renderer.rb:42:in `render_template'
  actionview (4.2.3) lib/action_view/renderer/renderer.rb:23:in `render'
  actionview (4.2.3) lib/action_view/rendering.rb:100:in `_render_template'
  actionpack (4.2.3) lib/action_controller/metal/streaming.rb:217:in `_render_template'
  actionview (4.2.3) lib/action_view/rendering.rb:83:in `render_to_body'
  actionpack (4.2.3) lib/action_controller/metal/rendering.rb:32:in `render_to_body'
  actionpack (4.2.3) lib/action_controller/metal/renderers.rb:37:in `render_to_body'
  actionpack (4.2.3) lib/abstract_controller/rendering.rb:25:in `render'
  actionpack (4.2.3) lib/action_controller/metal/rendering.rb:16:in `render'
  actionpack (4.2.3) lib/action_controller/metal/instrumentation.rb:44:in `block (2 levels) in render'
  activesupport (4.2.3) lib/active_support/core_ext/benchmark.rb:12:in `block in ms'
  /home/vitaliy/.rvm/rubies/ruby-2.2.2/lib/ruby/2.2.0/benchmark.rb:303:in `realtime'
  activesupport (4.2.3) lib/active_support/core_ext/benchmark.rb:12:in `ms'
  actionpack (4.2.3) lib/action_controller/metal/instrumentation.rb:44:in `block in render'
  actionpack (4.2.3) lib/action_controller/metal/instrumentation.rb:87:in `cleanup_view_runtime'
  activerecord (4.2.3) lib/active_record/railties/controller_runtime.rb:25:in `cleanup_view_runtime'
  actionpack (4.2.3) lib/action_controller/metal/instrumentation.rb:43:in `render'
  remotipart (1.2.1) lib/remotipart/render_overrides.rb:14:in `render_with_remotipart'
  actionpack (4.2.3) lib/action_controller/metal/implicit_render.rb:10:in `default_render'
  actionpack (4.2.3) lib/action_controller/metal/implicit_render.rb:5:in `send_action'
  actionpack (4.2.3) lib/abstract_controller/base.rb:198:in `process_action'
  actionpack (4.2.3) lib/action_controller/metal/rendering.rb:10:in `process_action'
  actionpack (4.2.3) lib/abstract_controller/callbacks.rb:20:in `block in process_action'
  activesupport (4.2.3) lib/active_support/callbacks.rb:115:in `call'
  activesupport (4.2.3) lib/active_support/callbacks.rb:553:in `block (2 levels) in compile'
  activesupport (4.2.3) lib/active_support/callbacks.rb:503:in `call'
  activesupport (4.2.3) lib/active_support/callbacks.rb:88:in `run_callbacks'
  actionpack (4.2.3) lib/abstract_controller/callbacks.rb:19:in `process_action'
  actionpack (4.2.3) lib/action_controller/metal/rescue.rb:29:in `process_action'
  actionpack (4.2.3) lib/action_controller/metal/instrumentation.rb:32:in `block in process_action'
  activesupport (4.2.3) lib/active_support/notifications.rb:164:in `block in instrument'
  activesupport (4.2.3) lib/active_support/notifications/instrumenter.rb:20:in `instrument'
  activesupport (4.2.3) lib/active_support/notifications.rb:164:in `instrument'
  actionpack (4.2.3) lib/action_controller/metal/instrumentation.rb:30:in `process_action'
  actionpack (4.2.3) lib/action_controller/metal/params_wrapper.rb:250:in `process_action'
  activerecord (4.2.3) lib/active_record/railties/controller_runtime.rb:18:in `process_action'
  actionpack (4.2.3) lib/abstract_controller/base.rb:137:in `process'
  actionview (4.2.3) lib/action_view/rendering.rb:30:in `process'
  actionpack (4.2.3) lib/action_controller/metal.rb:196:in `dispatch'
  actionpack (4.2.3) lib/action_controller/metal/rack_delegation.rb:13:in `dispatch'
  actionpack (4.2.3) lib/action_controller/metal.rb:237:in `block in action'
  actionpack (4.2.3) lib/action_dispatch/routing/route_set.rb:76:in `dispatch'
  actionpack (4.2.3) lib/action_dispatch/routing/route_set.rb:45:in `serve'
  actionpack (4.2.3) lib/action_dispatch/journey/router.rb:43:in `block in serve'
  actionpack (4.2.3) lib/action_dispatch/journey/router.rb:30:in `serve'
  actionpack (4.2.3) lib/action_dispatch/routing/route_set.rb:821:in `call'
  rack-pjax (0.8.0) lib/rack/pjax.rb:12:in `call'
  rack (1.6.4) lib/rack/etag.rb:24:in `call'
  rack (1.6.4) lib/rack/conditionalget.rb:25:in `call'
  rack (1.6.4) lib/rack/head.rb:13:in `call'
  remotipart (1.2.1) lib/remotipart/middleware.rb:27:in `call'
  actionpack (4.2.3) lib/action_dispatch/middleware/params_parser.rb:27:in `call'
  actionpack (4.2.3) lib/action_dispatch/middleware/flash.rb:260:in `call'
  rack (1.6.4) lib/rack/session/abstract/id.rb:225:in `context'
  rack (1.6.4) lib/rack/session/abstract/id.rb:220:in `call'
  actionpack (4.2.3) lib/action_dispatch/middleware/cookies.rb:560:in `call'
  activerecord (4.2.3) lib/active_record/query_cache.rb:36:in `call'
  activerecord (4.2.3) lib/active_record/connection_adapters/abstract/connection_pool.rb:653:in `call'
  activerecord (4.2.3) lib/active_record/migration.rb:377:in `call'
  actionpack (4.2.3) lib/action_dispatch/middleware/callbacks.rb:29:in `block in call'
  activesupport (4.2.3) lib/active_support/callbacks.rb:84:in `run_callbacks'
  actionpack (4.2.3) lib/action_dispatch/middleware/callbacks.rb:27:in `call'
  actionpack (4.2.3) lib/action_dispatch/middleware/reloader.rb:73:in `call'
  actionpack (4.2.3) lib/action_dispatch/middleware/remote_ip.rb:78:in `call'
  better_errors (2.1.1) lib/better_errors/middleware.rb:84:in `protected_app_call'
  better_errors (2.1.1) lib/better_errors/middleware.rb:79:in `better_errors_call'
  better_errors (2.1.1) lib/better_errors/middleware.rb:57:in `call'
  actionpack (4.2.3) lib/action_dispatch/middleware/debug_exceptions.rb:17:in `call'
  web-console (2.1.3) lib/web_console/middleware.rb:37:in `call'
  actionpack (4.2.3) lib/action_dispatch/middleware/show_exceptions.rb:30:in `call'
  railties (4.2.3) lib/rails/rack/logger.rb:38:in `call_app'
  railties (4.2.3) lib/rails/rack/logger.rb:20:in `block in call'
  activesupport (4.2.3) lib/active_support/tagged_logging.rb:68:in `block in tagged'
  activesupport (4.2.3) lib/active_support/tagged_logging.rb:26:in `tagged'
  activesupport (4.2.3) lib/active_support/tagged_logging.rb:68:in `tagged'
  railties (4.2.3) lib/rails/rack/logger.rb:20:in `call'
  actionpack (4.2.3) lib/action_dispatch/middleware/request_id.rb:21:in `call'
  rack (1.6.4) lib/rack/methodoverride.rb:22:in `call'
  rack (1.6.4) lib/rack/runtime.rb:18:in `call'
  activesupport (4.2.3) lib/active_support/cache/strategy/local_cache_middleware.rb:28:in `call'
  rack (1.6.4) lib/rack/lock.rb:17:in `call'
  actionpack (4.2.3) lib/action_dispatch/middleware/static.rb:116:in `call'
  rack (1.6.4) lib/rack/sendfile.rb:113:in `call'
  railties (4.2.3) lib/rails/engine.rb:518:in `call'
  railties (4.2.3) lib/rails/application.rb:165:in `call'
  rack (1.6.4) lib/rack/lock.rb:17:in `call'
  rack (1.6.4) lib/rack/content_length.rb:15:in `call'
  rack (1.6.4) lib/rack/handler/webrick.rb:88:in `service'
  /home/vitaliy/.rvm/rubies/ruby-2.2.2/lib/ruby/2.2.0/webrick/httpserver.rb:138:in `service'
  /home/vitaliy/.rvm/rubies/ruby-2.2.2/lib/ruby/2.2.0/webrick/httpserver.rb:94:in `run'
  /home/vitaliy/.rvm/rubies/ruby-2.2.2/lib/ruby/2.2.0/webrick/server.rb:294:in `block in start_thread'



Started POST "/__better_errors/45feaa944f151064/variables" for 127.0.0.1 at 2015-07-05 05:30:42 +0300


Started GET "/select_game" for 127.0.0.1 at 2015-07-05 05:30:57 +0300
  [1m[36mActiveRecord::SchemaMigration Load (0.3ms)[0m  [1mSELECT "schema_migrations".* FROM "schema_migrations"[0m
Processing by PagesController#select_game as HTML
  Rendered pages/select_game.html.haml within layouts/application (1.8ms)
Completed 200 OK in 895ms (Views: 887.5ms | ActiveRecord: 0.0ms)


Started GET "/assets/movies.self-e3b0c44298fc1c149afbf4c8996fb92427ae41e4649b934ca495991b7852b855.css?body=1" for 127.0.0.1 at 2015-07-05 05:30:58 +0300


Started GET "/assets/normalize.self-333ce827f60870acbaa5a751d49889465ce84697ee03980558f7d38405f670da.css?body=1" for 127.0.0.1 at 2015-07-05 05:30:58 +0300


Started GET "/assets/pages.self-e3b0c44298fc1c149afbf4c8996fb92427ae41e4649b934ca495991b7852b855.css?body=1" for 127.0.0.1 at 2015-07-05 05:30:58 +0300


Started GET "/assets/scaffolds.self-b289edf21e491e781ed6d1a2c0d4595fffe76771de86386ae188a96d8d133673.css?body=1" for 127.0.0.1 at 2015-07-05 05:30:58 +0300


Started GET "/assets/skeleton.self-ebe9eeafa1d23dca4fd5c4bbdd3e58affc29d3f34840dacd057a286f1f218c34.css?body=1" for 127.0.0.1 at 2015-07-05 05:30:58 +0300


Started GET "/assets/angular.self-aadfa4eee92b8b6df7684d1ed2fdcf784d0941d89f44836cc37461ecb719d0a9.js?body=1" for 127.0.0.1 at 2015-07-05 05:30:58 +0300


Started GET "/assets/style.self-17d75a4d265503b5dbf2f5de5ad4b10ab3b5f50df31c32d197d41fe500ec29ca.css?body=1" for 127.0.0.1 at 2015-07-05 05:30:58 +0300


Started GET "/assets/application.self-75a11da44c802486bc6f65640aa48a730f0f684c5c07a42ba3cd1735eb3fb070.css?body=1" for 127.0.0.1 at 2015-07-05 05:30:58 +0300


Started GET "/assets/angular/app.self-d5e8ecbb36bb080b7ceaf10552d5b8d65bfaa98b2ea9842c8a565385064c05d2.js?body=1" for 127.0.0.1 at 2015-07-05 05:30:58 +0300


Started GET "/assets/angular/controllers/game.self-e177764a9821bddf5a7e3dee5a8b9135e86d47a3e3e8b1b17ebd53fdeb0b273d.js?body=1" for 127.0.0.1 at 2015-07-05 05:30:58 +0300


Started GET "/assets/angular/lib/restangular.self-e8a68790edb7e9bac2d2468c1a04f94348f53ab3e91b5cd454bd82f4defce277.js?body=1" for 127.0.0.1 at 2015-07-05 05:30:58 +0300


Started GET "/assets/angular/services/game.self-a69bcb788ee1c2ff559cc27d0cd8051b0d151c7ababdc36d5d8f14375ac36a20.js?body=1" for 127.0.0.1 at 2015-07-05 05:30:58 +0300


Started GET "/assets/jquery.self-d03a5518f45df77341bdbe6201ba3bfa547ebba8ed64f0ea56bfa5f96ea7c074.js?body=1" for 127.0.0.1 at 2015-07-05 05:30:58 +0300


Started GET "/assets/jquery_ujs.self-ca5248a2fad13d6bd58ea121318d642f195f0b2dd818b30615f785ff365e8d1f.js?body=1" for 127.0.0.1 at 2015-07-05 05:30:58 +0300


Started GET "/assets/turbolinks.self-c37727e9bd6b2735da5c311aa83fead54ed0be6cc8bd9a65309e9c5abe2cbfff.js?body=1" for 127.0.0.1 at 2015-07-05 05:30:58 +0300


Started GET "/assets/application.self-d088784b7ecb87f1ea17e6f982fa968ffefcc07b79de6ecc548fc00242868da6.js?body=1" for 127.0.0.1 at 2015-07-05 05:30:58 +0300


Started GET "/assets/angular/services/game.self-a69bcb788ee1c2ff559cc27d0cd8051b0d151c7ababdc36d5d8f14375ac36a20.js?body=1" for 127.0.0.1 at 2015-07-05 05:30:58 +0300


Started GET "/assets/jquery.self-d03a5518f45df77341bdbe6201ba3bfa547ebba8ed64f0ea56bfa5f96ea7c074.js?body=1" for 127.0.0.1 at 2015-07-05 05:30:58 +0300


Started GET "/assets/jquery_ujs.self-ca5248a2fad13d6bd58ea121318d642f195f0b2dd818b30615f785ff365e8d1f.js?body=1" for 127.0.0.1 at 2015-07-05 05:30:58 +0300


Started GET "/assets/turbolinks.self-c37727e9bd6b2735da5c311aa83fead54ed0be6cc8bd9a65309e9c5abe2cbfff.js?body=1" for 127.0.0.1 at 2015-07-05 05:30:58 +0300


Started GET "/assets/application.self-d088784b7ecb87f1ea17e6f982fa968ffefcc07b79de6ecc548fc00242868da6.js?body=1" for 127.0.0.1 at 2015-07-05 05:30:58 +0300


Started GET "/select_game" for 127.0.0.1 at 2015-07-05 05:31:04 +0300
Processing by PagesController#select_game as HTML
  Rendered pages/select_game.html.haml within layouts/application (3.1ms)
Completed 500 Internal Server Error in 6ms (ActiveRecord: 0.0ms)

Haml::SyntaxError - Inconsistent indentation: "  \t" used for indentation, but the rest of the document was indented using 2 spaces.:
  app/views/pages/select_game.html.haml:5:in `'
  haml (4.0.6) lib/haml/parser.rb:174:in `block in tabs'
  haml (4.0.6) lib/haml/parser.rb:152:in `tabs'
  haml (4.0.6) lib/haml/parser.rb:751:in `block_opened?'
  haml (4.0.6) lib/haml/parser.rb:388:in `tag'
  haml (4.0.6) lib/haml/parser.rb:411:in `div'
  haml (4.0.6) lib/haml/parser.rb:209:in `process_line'
  haml (4.0.6) lib/haml/parser.rb:121:in `parse'
  haml (4.0.6) lib/haml/engine.rb:66:in `initialize'
  haml (4.0.6) lib/haml/template/plugin.rb:25:in `compile'
  haml (4.0.6) lib/haml/template/plugin.rb:30:in `call'
  actionview (4.2.3) lib/action_view/template.rb:270:in `compile'
  actionview (4.2.3) lib/action_view/template.rb:245:in `block (2 levels) in compile!'
  activesupport (4.2.3) lib/active_support/notifications.rb:166:in `instrument'
  actionview (4.2.3) lib/action_view/template.rb:333:in `instrument'
  actionview (4.2.3) lib/action_view/template.rb:244:in `block in compile!'
  actionview (4.2.3) lib/action_view/template.rb:232:in `compile!'
  actionview (4.2.3) lib/action_view/template.rb:144:in `block in render'
  activesupport (4.2.3) lib/active_support/notifications.rb:166:in `instrument'
  actionview (4.2.3) lib/action_view/template.rb:333:in `instrument'
  actionview (4.2.3) lib/action_view/template.rb:143:in `render'
  actionview (4.2.3) lib/action_view/renderer/template_renderer.rb:54:in `block (2 levels) in render_template'
  actionview (4.2.3) lib/action_view/renderer/abstract_renderer.rb:39:in `block in instrument'
  activesupport (4.2.3) lib/active_support/notifications.rb:164:in `block in instrument'
  activesupport (4.2.3) lib/active_support/notifications/instrumenter.rb:20:in `instrument'
  activesupport (4.2.3) lib/active_support/notifications.rb:164:in `instrument'
  actionview (4.2.3) lib/action_view/renderer/abstract_renderer.rb:39:in `instrument'
  actionview (4.2.3) lib/action_view/renderer/template_renderer.rb:53:in `block in render_template'
  actionview (4.2.3) lib/action_view/renderer/template_renderer.rb:61:in `render_with_layout'
  actionview (4.2.3) lib/action_view/renderer/template_renderer.rb:52:in `render_template'
  actionview (4.2.3) lib/action_view/renderer/template_renderer.rb:14:in `render'
  actionview (4.2.3) lib/action_view/renderer/renderer.rb:42:in `render_template'
  actionview (4.2.3) lib/action_view/renderer/renderer.rb:23:in `render'
  actionview (4.2.3) lib/action_view/rendering.rb:100:in `_render_template'
  actionpack (4.2.3) lib/action_controller/metal/streaming.rb:217:in `_render_template'
  actionview (4.2.3) lib/action_view/rendering.rb:83:in `render_to_body'
  actionpack (4.2.3) lib/action_controller/metal/rendering.rb:32:in `render_to_body'
  actionpack (4.2.3) lib/action_controller/metal/renderers.rb:37:in `render_to_body'
  actionpack (4.2.3) lib/abstract_controller/rendering.rb:25:in `render'
  actionpack (4.2.3) lib/action_controller/metal/rendering.rb:16:in `render'
  actionpack (4.2.3) lib/action_controller/metal/instrumentation.rb:44:in `block (2 levels) in render'
  activesupport (4.2.3) lib/active_support/core_ext/benchmark.rb:12:in `block in ms'
  /home/vitaliy/.rvm/rubies/ruby-2.2.2/lib/ruby/2.2.0/benchmark.rb:303:in `realtime'
  activesupport (4.2.3) lib/active_support/core_ext/benchmark.rb:12:in `ms'
  actionpack (4.2.3) lib/action_controller/metal/instrumentation.rb:44:in `block in render'
  actionpack (4.2.3) lib/action_controller/metal/instrumentation.rb:87:in `cleanup_view_runtime'
  activerecord (4.2.3) lib/active_record/railties/controller_runtime.rb:25:in `cleanup_view_runtime'
  actionpack (4.2.3) lib/action_controller/metal/instrumentation.rb:43:in `render'
  remotipart (1.2.1) lib/remotipart/render_overrides.rb:14:in `render_with_remotipart'
  actionpack (4.2.3) lib/action_controller/metal/implicit_render.rb:10:in `default_render'
  actionpack (4.2.3) lib/action_controller/metal/implicit_render.rb:5:in `send_action'
  actionpack (4.2.3) lib/abstract_controller/base.rb:198:in `process_action'
  actionpack (4.2.3) lib/action_controller/metal/rendering.rb:10:in `process_action'
  actionpack (4.2.3) lib/abstract_controller/callbacks.rb:20:in `block in process_action'
  activesupport (4.2.3) lib/active_support/callbacks.rb:115:in `call'
  activesupport (4.2.3) lib/active_support/callbacks.rb:553:in `block (2 levels) in compile'
  activesupport (4.2.3) lib/active_support/callbacks.rb:503:in `call'
  activesupport (4.2.3) lib/active_support/callbacks.rb:88:in `run_callbacks'
  actionpack (4.2.3) lib/abstract_controller/callbacks.rb:19:in `process_action'
  actionpack (4.2.3) lib/action_controller/metal/rescue.rb:29:in `process_action'
  actionpack (4.2.3) lib/action_controller/metal/instrumentation.rb:32:in `block in process_action'
  activesupport (4.2.3) lib/active_support/notifications.rb:164:in `block in instrument'
  activesupport (4.2.3) lib/active_support/notifications/instrumenter.rb:20:in `instrument'
  activesupport (4.2.3) lib/active_support/notifications.rb:164:in `instrument'
  actionpack (4.2.3) lib/action_controller/metal/instrumentation.rb:30:in `process_action'
  actionpack (4.2.3) lib/action_controller/metal/params_wrapper.rb:250:in `process_action'
  activerecord (4.2.3) lib/active_record/railties/controller_runtime.rb:18:in `process_action'
  actionpack (4.2.3) lib/abstract_controller/base.rb:137:in `process'
  actionview (4.2.3) lib/action_view/rendering.rb:30:in `process'
  actionpack (4.2.3) lib/action_controller/metal.rb:196:in `dispatch'
  actionpack (4.2.3) lib/action_controller/metal/rack_delegation.rb:13:in `dispatch'
  actionpack (4.2.3) lib/action_controller/metal.rb:237:in `block in action'
  actionpack (4.2.3) lib/action_dispatch/routing/route_set.rb:76:in `dispatch'
  actionpack (4.2.3) lib/action_dispatch/routing/route_set.rb:45:in `serve'
  actionpack (4.2.3) lib/action_dispatch/journey/router.rb:43:in `block in serve'
  actionpack (4.2.3) lib/action_dispatch/journey/router.rb:30:in `serve'
  actionpack (4.2.3) lib/action_dispatch/routing/route_set.rb:821:in `call'
  rack-pjax (0.8.0) lib/rack/pjax.rb:12:in `call'
  rack (1.6.4) lib/rack/etag.rb:24:in `call'
  rack (1.6.4) lib/rack/conditionalget.rb:25:in `call'
  rack (1.6.4) lib/rack/head.rb:13:in `call'
  remotipart (1.2.1) lib/remotipart/middleware.rb:27:in `call'
  actionpack (4.2.3) lib/action_dispatch/middleware/params_parser.rb:27:in `call'
  actionpack (4.2.3) lib/action_dispatch/middleware/flash.rb:260:in `call'
  rack (1.6.4) lib/rack/session/abstract/id.rb:225:in `context'
  rack (1.6.4) lib/rack/session/abstract/id.rb:220:in `call'
  actionpack (4.2.3) lib/action_dispatch/middleware/cookies.rb:560:in `call'
  activerecord (4.2.3) lib/active_record/query_cache.rb:36:in `call'
  activerecord (4.2.3) lib/active_record/connection_adapters/abstract/connection_pool.rb:653:in `call'
  activerecord (4.2.3) lib/active_record/migration.rb:377:in `call'
  actionpack (4.2.3) lib/action_dispatch/middleware/callbacks.rb:29:in `block in call'
  activesupport (4.2.3) lib/active_support/callbacks.rb:84:in `run_callbacks'
  actionpack (4.2.3) lib/action_dispatch/middleware/callbacks.rb:27:in `call'
  actionpack (4.2.3) lib/action_dispatch/middleware/reloader.rb:73:in `call'
  actionpack (4.2.3) lib/action_dispatch/middleware/remote_ip.rb:78:in `call'
  better_errors (2.1.1) lib/better_errors/middleware.rb:84:in `protected_app_call'
  better_errors (2.1.1) lib/better_errors/middleware.rb:79:in `better_errors_call'
  better_errors (2.1.1) lib/better_errors/middleware.rb:57:in `call'
  actionpack (4.2.3) lib/action_dispatch/middleware/debug_exceptions.rb:17:in `call'
  web-console (2.1.3) lib/web_console/middleware.rb:37:in `call'
  actionpack (4.2.3) lib/action_dispatch/middleware/show_exceptions.rb:30:in `call'
  railties (4.2.3) lib/rails/rack/logger.rb:38:in `call_app'
  railties (4.2.3) lib/rails/rack/logger.rb:20:in `block in call'
  activesupport (4.2.3) lib/active_support/tagged_logging.rb:68:in `block in tagged'
  activesupport (4.2.3) lib/active_support/tagged_logging.rb:26:in `tagged'
  activesupport (4.2.3) lib/active_support/tagged_logging.rb:68:in `tagged'
  railties (4.2.3) lib/rails/rack/logger.rb:20:in `call'
  actionpack (4.2.3) lib/action_dispatch/middleware/request_id.rb:21:in `call'
  rack (1.6.4) lib/rack/methodoverride.rb:22:in `call'
  rack (1.6.4) lib/rack/runtime.rb:18:in `call'
  activesupport (4.2.3) lib/active_support/cache/strategy/local_cache_middleware.rb:28:in `call'
  rack (1.6.4) lib/rack/lock.rb:17:in `call'
  actionpack (4.2.3) lib/action_dispatch/middleware/static.rb:116:in `call'
  rack (1.6.4) lib/rack/sendfile.rb:113:in `call'
  railties (4.2.3) lib/rails/engine.rb:518:in `call'
  railties (4.2.3) lib/rails/application.rb:165:in `call'
  rack (1.6.4) lib/rack/lock.rb:17:in `call'
  rack (1.6.4) lib/rack/content_length.rb:15:in `call'
  rack (1.6.4) lib/rack/handler/webrick.rb:88:in `service'
  /home/vitaliy/.rvm/rubies/ruby-2.2.2/lib/ruby/2.2.0/webrick/httpserver.rb:138:in `service'
  /home/vitaliy/.rvm/rubies/ruby-2.2.2/lib/ruby/2.2.0/webrick/httpserver.rb:94:in `run'
  /home/vitaliy/.rvm/rubies/ruby-2.2.2/lib/ruby/2.2.0/webrick/server.rb:294:in `block in start_thread'



Started POST "/__better_errors/7264ea412111c42b/variables" for 127.0.0.1 at 2015-07-05 05:31:04 +0300


Started GET "/select_game" for 127.0.0.1 at 2015-07-05 05:31:27 +0300
Processing by PagesController#select_game as HTML
  Rendered pages/select_game.html.haml within layouts/application (1.3ms)
Completed 200 OK in 50ms (Views: 49.2ms | ActiveRecord: 0.0ms)


Started GET "/assets/movies.self-e3b0c44298fc1c149afbf4c8996fb92427ae41e4649b934ca495991b7852b855.css?body=1" for 127.0.0.1 at 2015-07-05 05:31:27 +0300


Started GET "/assets/normalize.self-333ce827f60870acbaa5a751d49889465ce84697ee03980558f7d38405f670da.css?body=1" for 127.0.0.1 at 2015-07-05 05:31:27 +0300


Started GET "/assets/style.self-17d75a4d265503b5dbf2f5de5ad4b10ab3b5f50df31c32d197d41fe500ec29ca.css?body=1" for 127.0.0.1 at 2015-07-05 05:31:27 +0300


Started GET "/assets/scaffolds.self-b289edf21e491e781ed6d1a2c0d4595fffe76771de86386ae188a96d8d133673.css?body=1" for 127.0.0.1 at 2015-07-05 05:31:27 +0300


Started GET "/assets/skeleton.self-ebe9eeafa1d23dca4fd5c4bbdd3e58affc29d3f34840dacd057a286f1f218c34.css?body=1" for 127.0.0.1 at 2015-07-05 05:31:27 +0300


Started GET "/assets/application.self-75a11da44c802486bc6f65640aa48a730f0f684c5c07a42ba3cd1735eb3fb070.css?body=1" for 127.0.0.1 at 2015-07-05 05:31:27 +0300


Started GET "/assets/pages.self-e3b0c44298fc1c149afbf4c8996fb92427ae41e4649b934ca495991b7852b855.css?body=1" for 127.0.0.1 at 2015-07-05 05:31:27 +0300


Started GET "/assets/angular.self-aadfa4eee92b8b6df7684d1ed2fdcf784d0941d89f44836cc37461ecb719d0a9.js?body=1" for 127.0.0.1 at 2015-07-05 05:31:27 +0300


Started GET "/assets/angular/app.self-d5e8ecbb36bb080b7ceaf10552d5b8d65bfaa98b2ea9842c8a565385064c05d2.js?body=1" for 127.0.0.1 at 2015-07-05 05:31:27 +0300


Started GET "/assets/angular/controllers/game.self-e177764a9821bddf5a7e3dee5a8b9135e86d47a3e3e8b1b17ebd53fdeb0b273d.js?body=1" for 127.0.0.1 at 2015-07-05 05:31:27 +0300


Started GET "/assets/angular/lib/restangular.self-e8a68790edb7e9bac2d2468c1a04f94348f53ab3e91b5cd454bd82f4defce277.js?body=1" for 127.0.0.1 at 2015-07-05 05:31:27 +0300


Started GET "/assets/application.self-d088784b7ecb87f1ea17e6f982fa968ffefcc07b79de6ecc548fc00242868da6.js?body=1" for 127.0.0.1 at 2015-07-05 05:31:27 +0300


Started GET "/assets/jquery.self-d03a5518f45df77341bdbe6201ba3bfa547ebba8ed64f0ea56bfa5f96ea7c074.js?body=1" for 127.0.0.1 at 2015-07-05 05:31:27 +0300


Started GET "/assets/jquery_ujs.self-ca5248a2fad13d6bd58ea121318d642f195f0b2dd818b30615f785ff365e8d1f.js?body=1" for 127.0.0.1 at 2015-07-05 05:31:27 +0300


Started GET "/assets/turbolinks.self-c37727e9bd6b2735da5c311aa83fead54ed0be6cc8bd9a65309e9c5abe2cbfff.js?body=1" for 127.0.0.1 at 2015-07-05 05:31:27 +0300


Started GET "/assets/angular/services/game.self-a69bcb788ee1c2ff559cc27d0cd8051b0d151c7ababdc36d5d8f14375ac36a20.js?body=1" for 127.0.0.1 at 2015-07-05 05:31:27 +0300


Started GET "/select_game" for 127.0.0.1 at 2015-07-05 05:32:16 +0300
Processing by PagesController#select_game as HTML
  Rendered pages/select_game.html.haml within layouts/application (0.1ms)
Completed 200 OK in 43ms (Views: 42.9ms | ActiveRecord: 0.0ms)


Started GET "/assets/normalize.self-333ce827f60870acbaa5a751d49889465ce84697ee03980558f7d38405f670da.css?body=1" for 127.0.0.1 at 2015-07-05 05:32:16 +0300


Started GET "/assets/scaffolds.self-b289edf21e491e781ed6d1a2c0d4595fffe76771de86386ae188a96d8d133673.css?body=1" for 127.0.0.1 at 2015-07-05 05:32:16 +0300


Started GET "/assets/pages.self-e3b0c44298fc1c149afbf4c8996fb92427ae41e4649b934ca495991b7852b855.css?body=1" for 127.0.0.1 at 2015-07-05 05:32:16 +0300


Started GET "/assets/application.self-75a11da44c802486bc6f65640aa48a730f0f684c5c07a42ba3cd1735eb3fb070.css?body=1" for 127.0.0.1 at 2015-07-05 05:32:16 +0300


Started GET "/assets/style.self-17d75a4d265503b5dbf2f5de5ad4b10ab3b5f50df31c32d197d41fe500ec29ca.css?body=1" for 127.0.0.1 at 2015-07-05 05:32:16 +0300


Started GET "/assets/angular.self-aadfa4eee92b8b6df7684d1ed2fdcf784d0941d89f44836cc37461ecb719d0a9.js?body=1" for 127.0.0.1 at 2015-07-05 05:32:16 +0300


Started GET "/assets/skeleton.self-ebe9eeafa1d23dca4fd5c4bbdd3e58affc29d3f34840dacd057a286f1f218c34.css?body=1" for 127.0.0.1 at 2015-07-05 05:32:16 +0300


Started GET "/assets/movies.self-e3b0c44298fc1c149afbf4c8996fb92427ae41e4649b934ca495991b7852b855.css?body=1" for 127.0.0.1 at 2015-07-05 05:32:16 +0300


Started GET "/assets/angular/app.self-d5e8ecbb36bb080b7ceaf10552d5b8d65bfaa98b2ea9842c8a565385064c05d2.js?body=1" for 127.0.0.1 at 2015-07-05 05:32:16 +0300


Started GET "/assets/angular/controllers/game.self-e177764a9821bddf5a7e3dee5a8b9135e86d47a3e3e8b1b17ebd53fdeb0b273d.js?body=1" for 127.0.0.1 at 2015-07-05 05:32:16 +0300


Started GET "/assets/angular/lib/restangular.self-e8a68790edb7e9bac2d2468c1a04f94348f53ab3e91b5cd454bd82f4defce277.js?body=1" for 127.0.0.1 at 2015-07-05 05:32:16 +0300


Started GET "/assets/jquery.self-d03a5518f45df77341bdbe6201ba3bfa547ebba8ed64f0ea56bfa5f96ea7c074.js?body=1" for 127.0.0.1 at 2015-07-05 05:32:16 +0300


Started GET "/assets/angular/services/game.self-a69bcb788ee1c2ff559cc27d0cd8051b0d151c7ababdc36d5d8f14375ac36a20.js?body=1" for 127.0.0.1 at 2015-07-05 05:32:16 +0300


Started GET "/assets/jquery_ujs.self-ca5248a2fad13d6bd58ea121318d642f195f0b2dd818b30615f785ff365e8d1f.js?body=1" for 127.0.0.1 at 2015-07-05 05:32:16 +0300


Started GET "/assets/turbolinks.self-c37727e9bd6b2735da5c311aa83fead54ed0be6cc8bd9a65309e9c5abe2cbfff.js?body=1" for 127.0.0.1 at 2015-07-05 05:32:16 +0300


Started GET "/assets/application.self-d088784b7ecb87f1ea17e6f982fa968ffefcc07b79de6ecc548fc00242868da6.js?body=1" for 127.0.0.1 at 2015-07-05 05:32:16 +0300


Started GET "/select_game" for 127.0.0.1 at 2015-07-05 05:32:55 +0300
Processing by PagesController#select_game as HTML
  Rendered pages/select_game.html.haml within layouts/application (0.1ms)
Completed 200 OK in 50ms (Views: 49.6ms | ActiveRecord: 0.0ms)


Started GET "/assets/pages.self-e3b0c44298fc1c149afbf4c8996fb92427ae41e4649b934ca495991b7852b855.css?body=1" for 127.0.0.1 at 2015-07-05 05:32:55 +0300


Started GET "/assets/normalize.self-333ce827f60870acbaa5a751d49889465ce84697ee03980558f7d38405f670da.css?body=1" for 127.0.0.1 at 2015-07-05 05:32:55 +0300


Started GET "/assets/movies.self-e3b0c44298fc1c149afbf4c8996fb92427ae41e4649b934ca495991b7852b855.css?body=1" for 127.0.0.1 at 2015-07-05 05:32:55 +0300


Started GET "/assets/scaffolds.self-b289edf21e491e781ed6d1a2c0d4595fffe76771de86386ae188a96d8d133673.css?body=1" for 127.0.0.1 at 2015-07-05 05:32:55 +0300


Started GET "/assets/style.self-17d75a4d265503b5dbf2f5de5ad4b10ab3b5f50df31c32d197d41fe500ec29ca.css?body=1" for 127.0.0.1 at 2015-07-05 05:32:55 +0300


Started GET "/assets/skeleton.self-ebe9eeafa1d23dca4fd5c4bbdd3e58affc29d3f34840dacd057a286f1f218c34.css?body=1" for 127.0.0.1 at 2015-07-05 05:32:55 +0300


Started GET "/assets/application.self-75a11da44c802486bc6f65640aa48a730f0f684c5c07a42ba3cd1735eb3fb070.css?body=1" for 127.0.0.1 at 2015-07-05 05:32:55 +0300


Started GET "/assets/angular.self-aadfa4eee92b8b6df7684d1ed2fdcf784d0941d89f44836cc37461ecb719d0a9.js?body=1" for 127.0.0.1 at 2015-07-05 05:32:55 +0300


Started GET "/assets/angular/app.self-d5e8ecbb36bb080b7ceaf10552d5b8d65bfaa98b2ea9842c8a565385064c05d2.js?body=1" for 127.0.0.1 at 2015-07-05 05:32:55 +0300


Started GET "/assets/angular/controllers/game.self-e177764a9821bddf5a7e3dee5a8b9135e86d47a3e3e8b1b17ebd53fdeb0b273d.js?body=1" for 127.0.0.1 at 2015-07-05 05:32:55 +0300


Started GET "/assets/angular/lib/restangular.self-e8a68790edb7e9bac2d2468c1a04f94348f53ab3e91b5cd454bd82f4defce277.js?body=1" for 127.0.0.1 at 2015-07-05 05:32:55 +0300


Started GET "/assets/jquery_ujs.self-ca5248a2fad13d6bd58ea121318d642f195f0b2dd818b30615f785ff365e8d1f.js?body=1" for 127.0.0.1 at 2015-07-05 05:32:55 +0300


Started GET "/assets/angular/services/game.self-a69bcb788ee1c2ff559cc27d0cd8051b0d151c7ababdc36d5d8f14375ac36a20.js?body=1" for 127.0.0.1 at 2015-07-05 05:32:55 +0300


Started GET "/assets/jquery.self-d03a5518f45df77341bdbe6201ba3bfa547ebba8ed64f0ea56bfa5f96ea7c074.js?body=1" for 127.0.0.1 at 2015-07-05 05:32:55 +0300


Started GET "/assets/turbolinks.self-c37727e9bd6b2735da5c311aa83fead54ed0be6cc8bd9a65309e9c5abe2cbfff.js?body=1" for 127.0.0.1 at 2015-07-05 05:32:55 +0300


Started GET "/assets/application.self-d088784b7ecb87f1ea17e6f982fa968ffefcc07b79de6ecc548fc00242868da6.js?body=1" for 127.0.0.1 at 2015-07-05 05:32:55 +0300


Started GET "/select_game" for 127.0.0.1 at 2015-07-05 05:34:20 +0300
  [1m[36mActiveRecord::SchemaMigration Load (0.3ms)[0m  [1mSELECT "schema_migrations".* FROM "schema_migrations"[0m
Processing by PagesController#select_game as HTML
  Rendered pages/select_game.html.haml within layouts/application (1.6ms)
Completed 200 OK in 168ms (Views: 160.1ms | ActiveRecord: 0.0ms)


Started GET "/assets/movies.self-e3b0c44298fc1c149afbf4c8996fb92427ae41e4649b934ca495991b7852b855.css?body=1" for 127.0.0.1 at 2015-07-05 05:34:21 +0300


Started GET "/assets/pages.self-e3b0c44298fc1c149afbf4c8996fb92427ae41e4649b934ca495991b7852b855.css?body=1" for 127.0.0.1 at 2015-07-05 05:34:21 +0300


Started GET "/assets/scaffolds.self-b289edf21e491e781ed6d1a2c0d4595fffe76771de86386ae188a96d8d133673.css?body=1" for 127.0.0.1 at 2015-07-05 05:34:21 +0300


Started GET "/assets/skeleton.self-ebe9eeafa1d23dca4fd5c4bbdd3e58affc29d3f34840dacd057a286f1f218c34.css?body=1" for 127.0.0.1 at 2015-07-05 05:34:21 +0300


Started GET "/assets/style.self-17d75a4d265503b5dbf2f5de5ad4b10ab3b5f50df31c32d197d41fe500ec29ca.css?body=1" for 127.0.0.1 at 2015-07-05 05:34:21 +0300


Started GET "/assets/normalize.self-333ce827f60870acbaa5a751d49889465ce84697ee03980558f7d38405f670da.css?body=1" for 127.0.0.1 at 2015-07-05 05:34:21 +0300


Started GET "/assets/application.self-75a11da44c802486bc6f65640aa48a730f0f684c5c07a42ba3cd1735eb3fb070.css?body=1" for 127.0.0.1 at 2015-07-05 05:34:21 +0300


Started GET "/assets/angular/services/game.self-a69bcb788ee1c2ff559cc27d0cd8051b0d151c7ababdc36d5d8f14375ac36a20.js?body=1" for 127.0.0.1 at 2015-07-05 05:34:21 +0300


Started GET "/assets/angular/controllers/game.self-e177764a9821bddf5a7e3dee5a8b9135e86d47a3e3e8b1b17ebd53fdeb0b273d.js?body=1" for 127.0.0.1 at 2015-07-05 05:34:21 +0300


Started GET "/assets/angular/lib/restangular.self-e8a68790edb7e9bac2d2468c1a04f94348f53ab3e91b5cd454bd82f4defce277.js?body=1" for 127.0.0.1 at 2015-07-05 05:34:21 +0300


Started GET "/assets/angular/app.self-d5e8ecbb36bb080b7ceaf10552d5b8d65bfaa98b2ea9842c8a565385064c05d2.js?body=1" for 127.0.0.1 at 2015-07-05 05:34:21 +0300


Started GET "/assets/angular.self-aadfa4eee92b8b6df7684d1ed2fdcf784d0941d89f44836cc37461ecb719d0a9.js?body=1" for 127.0.0.1 at 2015-07-05 05:34:21 +0300


Started GET "/assets/jquery.self-d03a5518f45df77341bdbe6201ba3bfa547ebba8ed64f0ea56bfa5f96ea7c074.js?body=1" for 127.0.0.1 at 2015-07-05 05:34:21 +0300


Started GET "/assets/turbolinks.self-c37727e9bd6b2735da5c311aa83fead54ed0be6cc8bd9a65309e9c5abe2cbfff.js?body=1" for 127.0.0.1 at 2015-07-05 05:34:21 +0300


Started GET "/assets/jquery_ujs.self-ca5248a2fad13d6bd58ea121318d642f195f0b2dd818b30615f785ff365e8d1f.js?body=1" for 127.0.0.1 at 2015-07-05 05:34:21 +0300


Started GET "/assets/application.self-d088784b7ecb87f1ea17e6f982fa968ffefcc07b79de6ecc548fc00242868da6.js?body=1" for 127.0.0.1 at 2015-07-05 05:34:21 +0300


Started GET "/select_game" for 127.0.0.1 at 2015-07-05 05:36:16 +0300
Processing by PagesController#select_game as HTML
  Rendered pages/select_game.html.haml within layouts/application (0.1ms)
Completed 500 Internal Server Error in 41ms (ActiveRecord: 0.0ms)

Sprockets::FileNotFound - couldn't find file 'lodash' with type 'application/javascript':
  sprockets (3.2.0) lib/sprockets/directive_processor.rb:182:in `rescue in block in process_directives'
  sprockets (3.2.0) lib/sprockets/directive_processor.rb:179:in `block in process_directives'
  sprockets (3.2.0) lib/sprockets/directive_processor.rb:178:in `process_directives'
  sprockets (3.2.0) lib/sprockets/directive_processor.rb:83:in `_call'
  sprockets (3.2.0) lib/sprockets/directive_processor.rb:68:in `call'
  sprockets (3.2.0) lib/sprockets/processor_utils.rb:75:in `call_processor'
  sprockets (3.2.0) lib/sprockets/processor_utils.rb:57:in `block in call_processors'
  sprockets (3.2.0) lib/sprockets/processor_utils.rb:56:in `call_processors'
  sprockets (3.2.0) lib/sprockets/loader.rb:86:in `load_asset_by_uri'
  sprockets (3.2.0) lib/sprockets/loader.rb:45:in `block in load'
  sprockets (3.2.0) lib/sprockets/loader.rb:155:in `fetch_asset_from_dependency_cache'
  sprockets (3.2.0) lib/sprockets/loader.rb:38:in `load'
  sprockets (3.2.0) lib/sprockets/cached_environment.rb:20:in `block in initialize'
  sprockets (3.2.0) lib/sprockets/cached_environment.rb:47:in `load'
  sprockets (3.2.0) lib/sprockets/bundle.rb:23:in `block in call'
  sprockets (3.2.0) lib/sprockets/utils.rb:183:in `dfs'
  sprockets (3.2.0) lib/sprockets/bundle.rb:24:in `call'
  sprockets (3.2.0) lib/sprockets/processor_utils.rb:75:in `call_processor'
  sprockets (3.2.0) lib/sprockets/processor_utils.rb:57:in `block in call_processors'
  sprockets (3.2.0) lib/sprockets/processor_utils.rb:56:in `call_processors'
  sprockets (3.2.0) lib/sprockets/loader.rb:86:in `load_asset_by_uri'
  sprockets (3.2.0) lib/sprockets/loader.rb:45:in `block in load'
  sprockets (3.2.0) lib/sprockets/loader.rb:155:in `fetch_asset_from_dependency_cache'
  sprockets (3.2.0) lib/sprockets/loader.rb:38:in `load'
  sprockets (3.2.0) lib/sprockets/cached_environment.rb:20:in `block in initialize'
  sprockets (3.2.0) lib/sprockets/cached_environment.rb:47:in `load'
  sprockets (3.2.0) lib/sprockets/base.rb:63:in `find_asset'
  sprockets (3.2.0) lib/sprockets/environment.rb:30:in `find_asset'
  sprockets (3.2.0) lib/sprockets/base.rb:89:in `[]'
  sprockets-rails (2.3.2) lib/sprockets/rails/helper.rb:230:in `lookup_asset_for_path'
  sprockets-rails (2.3.2) lib/sprockets/rails/helper.rb:190:in `check_errors_for'
  sprockets-rails (2.3.2) lib/sprockets/rails/helper.rb:137:in `block in javascript_include_tag'
  sprockets-rails (2.3.2) lib/sprockets/rails/helper.rb:136:in `javascript_include_tag'
  app/views/layouts/application.html.haml:7:in `_app_views_layouts_application_html_haml___1323994052740429389_37913560'
  actionview (4.2.3) lib/action_view/template.rb:145:in `block in render'
  activesupport (4.2.3) lib/active_support/notifications.rb:166:in `instrument'
  actionview (4.2.3) lib/action_view/template.rb:333:in `instrument'
  actionview (4.2.3) lib/action_view/template.rb:143:in `render'
  actionview (4.2.3) lib/action_view/renderer/template_renderer.rb:66:in `render_with_layout'
  actionview (4.2.3) lib/action_view/renderer/template_renderer.rb:52:in `render_template'
  actionview (4.2.3) lib/action_view/renderer/template_renderer.rb:14:in `render'
  actionview (4.2.3) lib/action_view/renderer/renderer.rb:42:in `render_template'
  actionview (4.2.3) lib/action_view/renderer/renderer.rb:23:in `render'
  actionview (4.2.3) lib/action_view/rendering.rb:100:in `_render_template'
  actionpack (4.2.3) lib/action_controller/metal/streaming.rb:217:in `_render_template'
  actionview (4.2.3) lib/action_view/rendering.rb:83:in `render_to_body'
  actionpack (4.2.3) lib/action_controller/metal/rendering.rb:32:in `render_to_body'
  actionpack (4.2.3) lib/action_controller/metal/renderers.rb:37:in `render_to_body'
  actionpack (4.2.3) lib/abstract_controller/rendering.rb:25:in `render'
  actionpack (4.2.3) lib/action_controller/metal/rendering.rb:16:in `render'
  actionpack (4.2.3) lib/action_controller/metal/instrumentation.rb:44:in `block (2 levels) in render'
  activesupport (4.2.3) lib/active_support/core_ext/benchmark.rb:12:in `block in ms'
  /home/vitaliy/.rvm/rubies/ruby-2.2.2/lib/ruby/2.2.0/benchmark.rb:303:in `realtime'
  activesupport (4.2.3) lib/active_support/core_ext/benchmark.rb:12:in `ms'
  actionpack (4.2.3) lib/action_controller/metal/instrumentation.rb:44:in `block in render'
  actionpack (4.2.3) lib/action_controller/metal/instrumentation.rb:87:in `cleanup_view_runtime'
  activerecord (4.2.3) lib/active_record/railties/controller_runtime.rb:25:in `cleanup_view_runtime'
  actionpack (4.2.3) lib/action_controller/metal/instrumentation.rb:43:in `render'
  remotipart (1.2.1) lib/remotipart/render_overrides.rb:14:in `render_with_remotipart'
  actionpack (4.2.3) lib/action_controller/metal/implicit_render.rb:10:in `default_render'
  actionpack (4.2.3) lib/action_controller/metal/implicit_render.rb:5:in `send_action'
  actionpack (4.2.3) lib/abstract_controller/base.rb:198:in `process_action'
  actionpack (4.2.3) lib/action_controller/metal/rendering.rb:10:in `process_action'
  actionpack (4.2.3) lib/abstract_controller/callbacks.rb:20:in `block in process_action'
  activesupport (4.2.3) lib/active_support/callbacks.rb:115:in `call'
  activesupport (4.2.3) lib/active_support/callbacks.rb:553:in `block (2 levels) in compile'
  activesupport (4.2.3) lib/active_support/callbacks.rb:503:in `call'
  activesupport (4.2.3) lib/active_support/callbacks.rb:88:in `run_callbacks'
  actionpack (4.2.3) lib/abstract_controller/callbacks.rb:19:in `process_action'
  actionpack (4.2.3) lib/action_controller/metal/rescue.rb:29:in `process_action'
  actionpack (4.2.3) lib/action_controller/metal/instrumentation.rb:32:in `block in process_action'
  activesupport (4.2.3) lib/active_support/notifications.rb:164:in `block in instrument'
  activesupport (4.2.3) lib/active_support/notifications/instrumenter.rb:20:in `instrument'
  activesupport (4.2.3) lib/active_support/notifications.rb:164:in `instrument'
  actionpack (4.2.3) lib/action_controller/metal/instrumentation.rb:30:in `process_action'
  actionpack (4.2.3) lib/action_controller/metal/params_wrapper.rb:250:in `process_action'
  activerecord (4.2.3) lib/active_record/railties/controller_runtime.rb:18:in `process_action'
  actionpack (4.2.3) lib/abstract_controller/base.rb:137:in `process'
  actionview (4.2.3) lib/action_view/rendering.rb:30:in `process'
  actionpack (4.2.3) lib/action_controller/metal.rb:196:in `dispatch'
  actionpack (4.2.3) lib/action_controller/metal/rack_delegation.rb:13:in `dispatch'
  actionpack (4.2.3) lib/action_controller/metal.rb:237:in `block in action'
  actionpack (4.2.3) lib/action_dispatch/routing/route_set.rb:76:in `dispatch'
  actionpack (4.2.3) lib/action_dispatch/routing/route_set.rb:45:in `serve'
  actionpack (4.2.3) lib/action_dispatch/journey/router.rb:43:in `block in serve'
  actionpack (4.2.3) lib/action_dispatch/journey/router.rb:30:in `serve'
  actionpack (4.2.3) lib/action_dispatch/routing/route_set.rb:821:in `call'
  rack-pjax (0.8.0) lib/rack/pjax.rb:12:in `call'
  rack (1.6.4) lib/rack/etag.rb:24:in `call'
  rack (1.6.4) lib/rack/conditionalget.rb:25:in `call'
  rack (1.6.4) lib/rack/head.rb:13:in `call'
  remotipart (1.2.1) lib/remotipart/middleware.rb:27:in `call'
  actionpack (4.2.3) lib/action_dispatch/middleware/params_parser.rb:27:in `call'
  actionpack (4.2.3) lib/action_dispatch/middleware/flash.rb:260:in `call'
  rack (1.6.4) lib/rack/session/abstract/id.rb:225:in `context'
  rack (1.6.4) lib/rack/session/abstract/id.rb:220:in `call'
  actionpack (4.2.3) lib/action_dispatch/middleware/cookies.rb:560:in `call'
  activerecord (4.2.3) lib/active_record/query_cache.rb:36:in `call'
  activerecord (4.2.3) lib/active_record/connection_adapters/abstract/connection_pool.rb:653:in `call'
  activerecord (4.2.3) lib/active_record/migration.rb:377:in `call'
  actionpack (4.2.3) lib/action_dispatch/middleware/callbacks.rb:29:in `block in call'
  activesupport (4.2.3) lib/active_support/callbacks.rb:84:in `run_callbacks'
  actionpack (4.2.3) lib/action_dispatch/middleware/callbacks.rb:27:in `call'
  actionpack (4.2.3) lib/action_dispatch/middleware/reloader.rb:73:in `call'
  actionpack (4.2.3) lib/action_dispatch/middleware/remote_ip.rb:78:in `call'
  better_errors (2.1.1) lib/better_errors/middleware.rb:84:in `protected_app_call'
  better_errors (2.1.1) lib/better_errors/middleware.rb:79:in `better_errors_call'
  better_errors (2.1.1) lib/better_errors/middleware.rb:57:in `call'
  actionpack (4.2.3) lib/action_dispatch/middleware/debug_exceptions.rb:17:in `call'
  web-console (2.1.3) lib/web_console/middleware.rb:37:in `call'
  actionpack (4.2.3) lib/action_dispatch/middleware/show_exceptions.rb:30:in `call'
  railties (4.2.3) lib/rails/rack/logger.rb:38:in `call_app'
  railties (4.2.3) lib/rails/rack/logger.rb:20:in `block in call'
  activesupport (4.2.3) lib/active_support/tagged_logging.rb:68:in `block in tagged'
  activesupport (4.2.3) lib/active_support/tagged_logging.rb:26:in `tagged'
  activesupport (4.2.3) lib/active_support/tagged_logging.rb:68:in `tagged'
  railties (4.2.3) lib/rails/rack/logger.rb:20:in `call'
  actionpack (4.2.3) lib/action_dispatch/middleware/request_id.rb:21:in `call'
  rack (1.6.4) lib/rack/methodoverride.rb:22:in `call'
  rack (1.6.4) lib/rack/runtime.rb:18:in `call'
  activesupport (4.2.3) lib/active_support/cache/strategy/local_cache_middleware.rb:28:in `call'
  rack (1.6.4) lib/rack/lock.rb:17:in `call'
  actionpack (4.2.3) lib/action_dispatch/middleware/static.rb:116:in `call'
  rack (1.6.4) lib/rack/sendfile.rb:113:in `call'
  railties (4.2.3) lib/rails/engine.rb:518:in `call'
  railties (4.2.3) lib/rails/application.rb:165:in `call'
  rack (1.6.4) lib/rack/lock.rb:17:in `call'
  rack (1.6.4) lib/rack/content_length.rb:15:in `call'
  rack (1.6.4) lib/rack/handler/webrick.rb:88:in `service'
  /home/vitaliy/.rvm/rubies/ruby-2.2.2/lib/ruby/2.2.0/webrick/httpserver.rb:138:in `service'
  /home/vitaliy/.rvm/rubies/ruby-2.2.2/lib/ruby/2.2.0/webrick/httpserver.rb:94:in `run'
  /home/vitaliy/.rvm/rubies/ruby-2.2.2/lib/ruby/2.2.0/webrick/server.rb:294:in `block in start_thread'



Started POST "/__better_errors/4558f690a16a958e/variables" for 127.0.0.1 at 2015-07-05 05:36:16 +0300


Started GET "/select_game" for 127.0.0.1 at 2015-07-05 05:36:23 +0300
  [1m[36mActiveRecord::SchemaMigration Load (0.3ms)[0m  [1mSELECT "schema_migrations".* FROM "schema_migrations"[0m
Processing by PagesController#select_game as HTML
  Rendered pages/select_game.html.haml within layouts/application (1.6ms)
Completed 200 OK in 758ms (Views: 748.9ms | ActiveRecord: 0.0ms)


Started GET "/assets/movies.self-e3b0c44298fc1c149afbf4c8996fb92427ae41e4649b934ca495991b7852b855.css?body=1" for 127.0.0.1 at 2015-07-05 05:36:24 +0300


Started GET "/assets/scaffolds.self-b289edf21e491e781ed6d1a2c0d4595fffe76771de86386ae188a96d8d133673.css?body=1" for 127.0.0.1 at 2015-07-05 05:36:24 +0300


Started GET "/assets/pages.self-e3b0c44298fc1c149afbf4c8996fb92427ae41e4649b934ca495991b7852b855.css?body=1" for 127.0.0.1 at 2015-07-05 05:36:24 +0300


Started GET "/assets/skeleton.self-ebe9eeafa1d23dca4fd5c4bbdd3e58affc29d3f34840dacd057a286f1f218c34.css?body=1" for 127.0.0.1 at 2015-07-05 05:36:24 +0300


Started GET "/assets/style.self-17d75a4d265503b5dbf2f5de5ad4b10ab3b5f50df31c32d197d41fe500ec29ca.css?body=1" for 127.0.0.1 at 2015-07-05 05:36:24 +0300


Started GET "/assets/normalize.self-333ce827f60870acbaa5a751d49889465ce84697ee03980558f7d38405f670da.css?body=1" for 127.0.0.1 at 2015-07-05 05:36:24 +0300


Started GET "/assets/application.self-75a11da44c802486bc6f65640aa48a730f0f684c5c07a42ba3cd1735eb3fb070.css?body=1" for 127.0.0.1 at 2015-07-05 05:36:24 +0300


Started GET "/assets/angular/controllers/game.self-e177764a9821bddf5a7e3dee5a8b9135e86d47a3e3e8b1b17ebd53fdeb0b273d.js?body=1" for 127.0.0.1 at 2015-07-05 05:36:24 +0300


Started GET "/assets/lodash.self-cb2d501f3a050c39d4bcc3db559d587c73b69fc564e3382313030f973ec30bb3.js?body=1" for 127.0.0.1 at 2015-07-05 05:36:24 +0300


Started GET "/assets/angular/app.self-d5e8ecbb36bb080b7ceaf10552d5b8d65bfaa98b2ea9842c8a565385064c05d2.js?body=1" for 127.0.0.1 at 2015-07-05 05:36:24 +0300


Started GET "/assets/angular/lib/restangular.self-e8a68790edb7e9bac2d2468c1a04f94348f53ab3e91b5cd454bd82f4defce277.js?body=1" for 127.0.0.1 at 2015-07-05 05:36:24 +0300


Started GET "/assets/jquery.self-d03a5518f45df77341bdbe6201ba3bfa547ebba8ed64f0ea56bfa5f96ea7c074.js?body=1" for 127.0.0.1 at 2015-07-05 05:36:24 +0300


Started GET "/assets/angular.self-aadfa4eee92b8b6df7684d1ed2fdcf784d0941d89f44836cc37461ecb719d0a9.js?body=1" for 127.0.0.1 at 2015-07-05 05:36:24 +0300


Started GET "/assets/angular/services/game.self-a69bcb788ee1c2ff559cc27d0cd8051b0d151c7ababdc36d5d8f14375ac36a20.js?body=1" for 127.0.0.1 at 2015-07-05 05:36:24 +0300


Started GET "/assets/jquery_ujs.self-ca5248a2fad13d6bd58ea121318d642f195f0b2dd818b30615f785ff365e8d1f.js?body=1" for 127.0.0.1 at 2015-07-05 05:36:24 +0300


Started GET "/assets/turbolinks.self-c37727e9bd6b2735da5c311aa83fead54ed0be6cc8bd9a65309e9c5abe2cbfff.js?body=1" for 127.0.0.1 at 2015-07-05 05:36:24 +0300


Started GET "/assets/application.self-538d6440534fa5f615e8a26932792a82a2e4a33a97886e2d815eab8fc216d415.js?body=1" for 127.0.0.1 at 2015-07-05 05:36:24 +0300


Started GET "/movies.json" for 127.0.0.1 at 2015-07-05 05:36:24 +0300
Processing by MoviesController#index as JSON
  [1m[35mMovie Load (0.4ms)[0m  SELECT "movies".* FROM "movies"
  Rendered movies/index.json.jbuilder (12.6ms)
Completed 200 OK in 17ms (Views: 12.9ms | ActiveRecord: 2.2ms)


Started GET "/select_game" for 127.0.0.1 at 2015-07-05 05:36:55 +0300
Processing by PagesController#select_game as HTML
  Rendered pages/select_game.html.haml within layouts/application (0.9ms)
Completed 200 OK in 50ms (Views: 49.3ms | ActiveRecord: 0.0ms)


Started GET "/assets/movies.self-e3b0c44298fc1c149afbf4c8996fb92427ae41e4649b934ca495991b7852b855.css?body=1" for 127.0.0.1 at 2015-07-05 05:36:55 +0300


Started GET "/assets/normalize.self-333ce827f60870acbaa5a751d49889465ce84697ee03980558f7d38405f670da.css?body=1" for 127.0.0.1 at 2015-07-05 05:36:55 +0300


Started GET "/assets/pages.self-e3b0c44298fc1c149afbf4c8996fb92427ae41e4649b934ca495991b7852b855.css?body=1" for 127.0.0.1 at 2015-07-05 05:36:55 +0300


Started GET "/assets/scaffolds.self-b289edf21e491e781ed6d1a2c0d4595fffe76771de86386ae188a96d8d133673.css?body=1" for 127.0.0.1 at 2015-07-05 05:36:55 +0300


Started GET "/assets/skeleton.self-ebe9eeafa1d23dca4fd5c4bbdd3e58affc29d3f34840dacd057a286f1f218c34.css?body=1" for 127.0.0.1 at 2015-07-05 05:36:55 +0300


Started GET "/assets/application.self-75a11da44c802486bc6f65640aa48a730f0f684c5c07a42ba3cd1735eb3fb070.css?body=1" for 127.0.0.1 at 2015-07-05 05:36:55 +0300


Started GET "/assets/angular.self-aadfa4eee92b8b6df7684d1ed2fdcf784d0941d89f44836cc37461ecb719d0a9.js?body=1" for 127.0.0.1 at 2015-07-05 05:36:55 +0300


Started GET "/assets/lodash.self-cb2d501f3a050c39d4bcc3db559d587c73b69fc564e3382313030f973ec30bb3.js?body=1" for 127.0.0.1 at 2015-07-05 05:36:55 +0300


Started GET "/assets/style.self-17d75a4d265503b5dbf2f5de5ad4b10ab3b5f50df31c32d197d41fe500ec29ca.css?body=1" for 127.0.0.1 at 2015-07-05 05:36:55 +0300


Started GET "/assets/angular/app.self-d5e8ecbb36bb080b7ceaf10552d5b8d65bfaa98b2ea9842c8a565385064c05d2.js?body=1" for 127.0.0.1 at 2015-07-05 05:36:55 +0300


Started GET "/assets/angular/controllers/game.self-e177764a9821bddf5a7e3dee5a8b9135e86d47a3e3e8b1b17ebd53fdeb0b273d.js?body=1" for 127.0.0.1 at 2015-07-05 05:36:55 +0300


Started GET "/assets/angular/lib/restangular.self-e8a68790edb7e9bac2d2468c1a04f94348f53ab3e91b5cd454bd82f4defce277.js?body=1" for 127.0.0.1 at 2015-07-05 05:36:55 +0300


Started GET "/assets/angular/services/game.self-a69bcb788ee1c2ff559cc27d0cd8051b0d151c7ababdc36d5d8f14375ac36a20.js?body=1" for 127.0.0.1 at 2015-07-05 05:36:55 +0300


Started GET "/assets/jquery.self-d03a5518f45df77341bdbe6201ba3bfa547ebba8ed64f0ea56bfa5f96ea7c074.js?body=1" for 127.0.0.1 at 2015-07-05 05:36:55 +0300


Started GET "/assets/jquery_ujs.self-ca5248a2fad13d6bd58ea121318d642f195f0b2dd818b30615f785ff365e8d1f.js?body=1" for 127.0.0.1 at 2015-07-05 05:36:55 +0300


Started GET "/assets/turbolinks.self-c37727e9bd6b2735da5c311aa83fead54ed0be6cc8bd9a65309e9c5abe2cbfff.js?body=1" for 127.0.0.1 at 2015-07-05 05:36:55 +0300


Started GET "/assets/application.self-538d6440534fa5f615e8a26932792a82a2e4a33a97886e2d815eab8fc216d415.js?body=1" for 127.0.0.1 at 2015-07-05 05:36:55 +0300


Started GET "/movies.json" for 127.0.0.1 at 2015-07-05 05:36:56 +0300
Processing by MoviesController#index as JSON
  [1m[36mMovie Load (0.3ms)[0m  [1mSELECT "movies".* FROM "movies"[0m
  Rendered movies/index.json.jbuilder (1.6ms)
Completed 200 OK in 4ms (Views: 3.3ms | ActiveRecord: 0.3ms)


Started GET "/select_game" for 127.0.0.1 at 2015-07-05 05:37:16 +0300
Processing by PagesController#select_game as HTML
  Rendered pages/select_game.html.haml within layouts/application (0.1ms)
Completed 200 OK in 262ms (Views: 261.7ms | ActiveRecord: 0.0ms)


Started GET "/assets/movies.self-e3b0c44298fc1c149afbf4c8996fb92427ae41e4649b934ca495991b7852b855.css?body=1" for 127.0.0.1 at 2015-07-05 05:37:16 +0300


Started GET "/assets/normalize.self-333ce827f60870acbaa5a751d49889465ce84697ee03980558f7d38405f670da.css?body=1" for 127.0.0.1 at 2015-07-05 05:37:16 +0300


Started GET "/assets/pages.self-e3b0c44298fc1c149afbf4c8996fb92427ae41e4649b934ca495991b7852b855.css?body=1" for 127.0.0.1 at 2015-07-05 05:37:16 +0300


Started GET "/assets/skeleton.self-ebe9eeafa1d23dca4fd5c4bbdd3e58affc29d3f34840dacd057a286f1f218c34.css?body=1" for 127.0.0.1 at 2015-07-05 05:37:16 +0300


Started GET "/assets/application.self-75a11da44c802486bc6f65640aa48a730f0f684c5c07a42ba3cd1735eb3fb070.css?body=1" for 127.0.0.1 at 2015-07-05 05:37:16 +0300


Started GET "/assets/style.self-17d75a4d265503b5dbf2f5de5ad4b10ab3b5f50df31c32d197d41fe500ec29ca.css?body=1" for 127.0.0.1 at 2015-07-05 05:37:16 +0300


Started GET "/assets/lodash.self-cb2d501f3a050c39d4bcc3db559d587c73b69fc564e3382313030f973ec30bb3.js?body=1" for 127.0.0.1 at 2015-07-05 05:37:16 +0300


Started GET "/assets/scaffolds.self-b289edf21e491e781ed6d1a2c0d4595fffe76771de86386ae188a96d8d133673.css?body=1" for 127.0.0.1 at 2015-07-05 05:37:16 +0300


Started GET "/assets/angular.self-aadfa4eee92b8b6df7684d1ed2fdcf784d0941d89f44836cc37461ecb719d0a9.js?body=1" for 127.0.0.1 at 2015-07-05 05:37:16 +0300


Started GET "/assets/angular/app.self-d5e8ecbb36bb080b7ceaf10552d5b8d65bfaa98b2ea9842c8a565385064c05d2.js?body=1" for 127.0.0.1 at 2015-07-05 05:37:16 +0300


Started GET "/assets/angular/controllers/game.self-fb96c195708b84c03aecd4b4333ce34d203358215617cb0363afa0e89fc1ae35.js?body=1" for 127.0.0.1 at 2015-07-05 05:37:16 +0300


Started GET "/assets/angular/lib/restangular.self-e8a68790edb7e9bac2d2468c1a04f94348f53ab3e91b5cd454bd82f4defce277.js?body=1" for 127.0.0.1 at 2015-07-05 05:37:16 +0300


Started GET "/assets/angular/services/game.self-a69bcb788ee1c2ff559cc27d0cd8051b0d151c7ababdc36d5d8f14375ac36a20.js?body=1" for 127.0.0.1 at 2015-07-05 05:37:16 +0300


Started GET "/assets/jquery.self-d03a5518f45df77341bdbe6201ba3bfa547ebba8ed64f0ea56bfa5f96ea7c074.js?body=1" for 127.0.0.1 at 2015-07-05 05:37:17 +0300


Started GET "/assets/jquery_ujs.self-ca5248a2fad13d6bd58ea121318d642f195f0b2dd818b30615f785ff365e8d1f.js?body=1" for 127.0.0.1 at 2015-07-05 05:37:17 +0300


Started GET "/assets/application.self-538d6440534fa5f615e8a26932792a82a2e4a33a97886e2d815eab8fc216d415.js?body=1" for 127.0.0.1 at 2015-07-05 05:37:17 +0300


Started GET "/assets/turbolinks.self-c37727e9bd6b2735da5c311aa83fead54ed0be6cc8bd9a65309e9c5abe2cbfff.js?body=1" for 127.0.0.1 at 2015-07-05 05:37:17 +0300


Started GET "/movies.json" for 127.0.0.1 at 2015-07-05 05:37:17 +0300
Processing by MoviesController#index as JSON
  [1m[35mMovie Load (0.3ms)[0m  SELECT "movies".* FROM "movies"
  Rendered movies/index.json.jbuilder (3.2ms)
Completed 200 OK in 7ms (Views: 5.8ms | ActiveRecord: 0.3ms)


Started GET "/movies" for 127.0.0.1 at 2015-07-05 05:37:21 +0300
Processing by MoviesController#index as JSON
  [1m[36mMovie Load (0.2ms)[0m  [1mSELECT "movies".* FROM "movies"[0m
  Rendered movies/index.json.jbuilder (2.2ms)
Completed 200 OK in 5ms (Views: 4.7ms | ActiveRecord: 0.2ms)
